CRITICAL - 2022-12-16 06:45:57 --> syntax error, unexpected '='
in APPPATH\Views\pass_oublie.php on line 30.
 1 SYSTEMPATH\View\View.php(216): CodeIgniter\View\View->CodeIgniter\View\{closure}()
 2 SYSTEMPATH\Common.php(1134): CodeIgniter\View\View->render('pass_oublie', [], true)
 3 APPPATH\Controllers\Home.php(115): view('pass_oublie')
 4 SYSTEMPATH\CodeIgniter.php(927): App\Controllers\Home->Test_pass()
 5 SYSTEMPATH\CodeIgniter.php(482): CodeIgniter\CodeIgniter->runController(Object(App\Controllers\Home))
 6 SYSTEMPATH\CodeIgniter.php(351): CodeIgniter\CodeIgniter->handleRequest(null, Object(Config\Cache), false)
 7 FCPATH\index.php(67): CodeIgniter\CodeIgniter->run()
CRITICAL - 2022-12-16 06:48:34 --> Call to undefined function display_error()
in APPPATH\Views\pass_oublie.php on line 34.
 1 SYSTEMPATH\View\View.php(213): include()
 2 SYSTEMPATH\View\View.php(216): CodeIgniter\View\View->CodeIgniter\View\{closure}()
 3 SYSTEMPATH\Common.php(1134): CodeIgniter\View\View->render('pass_oublie', [], true)
 4 APPPATH\Controllers\Home.php(193): view('pass_oublie', [...])
 5 SYSTEMPATH\CodeIgniter.php(927): App\Controllers\Home->forgot_password()
 6 SYSTEMPATH\CodeIgniter.php(482): CodeIgniter\CodeIgniter->runController(Object(App\Controllers\Home))
 7 SYSTEMPATH\CodeIgniter.php(351): CodeIgniter\CodeIgniter->handleRequest(null, Object(Config\Cache), false)
 8 FCPATH\index.php(67): CodeIgniter\CodeIgniter->run()
CRITICAL - 2022-12-16 06:54:14 --> Call to undefined method CodeIgniter\Validation\Validation::listError()
in APPPATH\Views\pass_oublie.php on line 24.
 1 SYSTEMPATH\View\View.php(213): include()
 2 SYSTEMPATH\View\View.php(216): CodeIgniter\View\View->CodeIgniter\View\{closure}()
 3 SYSTEMPATH\Common.php(1134): CodeIgniter\View\View->render('pass_oublie', [], true)
 4 APPPATH\Controllers\Home.php(193): view('pass_oublie', [...])
 5 SYSTEMPATH\CodeIgniter.php(927): App\Controllers\Home->forgot_password()
 6 SYSTEMPATH\CodeIgniter.php(482): CodeIgniter\CodeIgniter->runController(Object(App\Controllers\Home))
 7 SYSTEMPATH\CodeIgniter.php(351): CodeIgniter\CodeIgniter->handleRequest(null, Object(Config\Cache), false)
 8 FCPATH\index.php(67): CodeIgniter\CodeIgniter->run()
CRITICAL - 2022-12-16 06:54:17 --> Call to undefined method CodeIgniter\Validation\Validation::listError()
in APPPATH\Views\pass_oublie.php on line 24.
 1 SYSTEMPATH\View\View.php(213): include()
 2 SYSTEMPATH\View\View.php(216): CodeIgniter\View\View->CodeIgniter\View\{closure}()
 3 SYSTEMPATH\Common.php(1134): CodeIgniter\View\View->render('pass_oublie', [], true)
 4 APPPATH\Controllers\Home.php(193): view('pass_oublie', [...])
 5 SYSTEMPATH\CodeIgniter.php(927): App\Controllers\Home->forgot_password()
 6 SYSTEMPATH\CodeIgniter.php(482): CodeIgniter\CodeIgniter->runController(Object(App\Controllers\Home))
 7 SYSTEMPATH\CodeIgniter.php(351): CodeIgniter\CodeIgniter->handleRequest(null, Object(Config\Cache), false)
 8 FCPATH\index.php(67): CodeIgniter\CodeIgniter->run()
CRITICAL - 2022-12-16 06:54:56 --> Call to undefined method CodeIgniter\Validation\Validation::listError()
in APPPATH\Views\pass_oublie.php on line 24.
 1 SYSTEMPATH\View\View.php(213): include()
 2 SYSTEMPATH\View\View.php(216): CodeIgniter\View\View->CodeIgniter\View\{closure}()
 3 SYSTEMPATH\Common.php(1134): CodeIgniter\View\View->render('pass_oublie', [], true)
 4 APPPATH\Controllers\Home.php(193): view('pass_oublie', [...])
 5 SYSTEMPATH\CodeIgniter.php(927): App\Controllers\Home->forgot_password()
 6 SYSTEMPATH\CodeIgniter.php(482): CodeIgniter\CodeIgniter->runController(Object(App\Controllers\Home))
 7 SYSTEMPATH\CodeIgniter.php(351): CodeIgniter\CodeIgniter->handleRequest(null, Object(Config\Cache), false)
 8 FCPATH\index.php(67): CodeIgniter\CodeIgniter->run()
ERROR - 2022-12-16 06:55:12 --> Error connecting to the database: mysqli_sql_exception: Access denied for user ''@'localhost' (using password: NO) in C:\xampp\htdocs\FormationCI\system\Database\MySQLi\Connection.php:171
Stack trace:
#0 C:\xampp\htdocs\FormationCI\system\Database\MySQLi\Connection.php(171): mysqli->real_connect('localhost', '', '', '', 3306, '', 0)
#1 C:\xampp\htdocs\FormationCI\system\Database\BaseConnection.php(382): CodeIgniter\Database\MySQLi\Connection->connect(false)
#2 C:\xampp\htdocs\FormationCI\system\Database\BaseConnection.php(561): CodeIgniter\Database\BaseConnection->initialize()
#3 C:\xampp\htdocs\FormationCI\system\Database\BaseBuilder.php(1585): CodeIgniter\Database\BaseConnection->query('SELECT `pswd`\nF...', Array, false)
#4 C:\xampp\htdocs\FormationCI\app\Models\UtilisateurModel.php(46): CodeIgniter\Database\BaseBuilder->get()
#5 C:\xampp\htdocs\FormationCI\app\Controllers\Home.php(140): App\Models\UtilisateurModel->verifyEmail('ndayiragijejmv@...')
#6 C:\xampp\htdocs\FormationCI\system\CodeIgniter.php(927): App\Controllers\Home->forgot_password()
#7 C:\xampp\htdocs\FormationCI\system\CodeIgniter.php(482): CodeIgniter\CodeIgniter->runController(Object(App\Controllers\Home))
#8 C:\xampp\htdocs\FormationCI\system\CodeIgniter.php(351): CodeIgniter\CodeIgniter->handleRequest(NULL, Object(Config\Cache), false)
#9 C:\xampp\htdocs\FormationCI\index.php(67): CodeIgniter\CodeIgniter->run()
#10 {main}

Next CodeIgniter\Database\Exceptions\DatabaseException: Access denied for user ''@'localhost' (using password: NO) in C:\xampp\htdocs\FormationCI\system\Database\MySQLi\Connection.php:215
Stack trace:
#0 C:\xampp\htdocs\FormationCI\system\Database\BaseConnection.php(382): CodeIgniter\Database\MySQLi\Connection->connect(false)
#1 C:\xampp\htdocs\FormationCI\system\Database\BaseConnection.php(561): CodeIgniter\Database\BaseConnection->initialize()
#2 C:\xampp\htdocs\FormationCI\system\Database\BaseBuilder.php(1585): CodeIgniter\Database\BaseConnection->query('SELECT `pswd`\nF...', Array, false)
#3 C:\xampp\htdocs\FormationCI\app\Models\UtilisateurModel.php(46): CodeIgniter\Database\BaseBuilder->get()
#4 C:\xampp\htdocs\FormationCI\app\Controllers\Home.php(140): App\Models\UtilisateurModel->verifyEmail('ndayiragijejmv@...')
#5 C:\xampp\htdocs\FormationCI\system\CodeIgniter.php(927): App\Controllers\Home->forgot_password()
#6 C:\xampp\htdocs\FormationCI\system\CodeIgniter.php(482): CodeIgniter\CodeIgniter->runController(Object(App\Controllers\Home))
#7 C:\xampp\htdocs\FormationCI\system\CodeIgniter.php(351): CodeIgniter\CodeIgniter->handleRequest(NULL, Object(Config\Cache), false)
#8 C:\xampp\htdocs\FormationCI\index.php(67): CodeIgniter\CodeIgniter->run()
#9 {main}
CRITICAL - 2022-12-16 06:55:12 --> Unable to connect to the database.
Main connection [MySQLi]: Access denied for user ''@'localhost' (using password: NO)
in SYSTEMPATH\Database\BaseConnection.php on line 418.
 1 SYSTEMPATH\Database\BaseConnection.php(561): CodeIgniter\Database\BaseConnection->initialize()
 2 SYSTEMPATH\Database\BaseBuilder.php(1585): CodeIgniter\Database\BaseConnection->query('SELECT `pswd`
FROM `users`
WHERE `mail` = :mail:', [...], false)
 3 APPPATH\Models\UtilisateurModel.php(46): CodeIgniter\Database\BaseBuilder->get()
 4 APPPATH\Controllers\Home.php(140): App\Models\UtilisateurModel->verifyEmail('ndayiragijejmv@gmail.com')
 5 SYSTEMPATH\CodeIgniter.php(927): App\Controllers\Home->forgot_password()
 6 SYSTEMPATH\CodeIgniter.php(482): CodeIgniter\CodeIgniter->runController(Object(App\Controllers\Home))
 7 SYSTEMPATH\CodeIgniter.php(351): CodeIgniter\CodeIgniter->handleRequest(null, Object(Config\Cache), false)
 8 FCPATH\index.php(67): CodeIgniter\CodeIgniter->run()
CRITICAL - 2022-12-16 06:57:12 --> Call to undefined method CodeIgniter\Validation\Validation::listError()
in APPPATH\Views\pass_oublie.php on line 24.
 1 SYSTEMPATH\View\View.php(213): include()
 2 SYSTEMPATH\View\View.php(216): CodeIgniter\View\View->CodeIgniter\View\{closure}()
 3 SYSTEMPATH\Common.php(1134): CodeIgniter\View\View->render('pass_oublie', [], true)
 4 APPPATH\Controllers\Home.php(193): view('pass_oublie', [...])
 5 SYSTEMPATH\CodeIgniter.php(927): App\Controllers\Home->forgot_password()
 6 SYSTEMPATH\CodeIgniter.php(482): CodeIgniter\CodeIgniter->runController(Object(App\Controllers\Home))
 7 SYSTEMPATH\CodeIgniter.php(351): CodeIgniter\CodeIgniter->handleRequest(null, Object(Config\Cache), false)
 8 FCPATH\index.php(67): CodeIgniter\CodeIgniter->run()
CRITICAL - 2022-12-16 07:14:55 --> syntax error, unexpected 'echo' (T_ECHO)
in APPPATH\Views\Pagination.php on line 106.
 1 SYSTEMPATH\View\View.php(216): CodeIgniter\View\View->CodeIgniter\View\{closure}()
 2 SYSTEMPATH\Common.php(1134): CodeIgniter\View\View->render('Pagination', [], true)
 3 APPPATH\Controllers\Home.php(315): view('Pagination')
 4 SYSTEMPATH\CodeIgniter.php(927): App\Controllers\Home->pagination()
 5 SYSTEMPATH\CodeIgniter.php(482): CodeIgniter\CodeIgniter->runController(Object(App\Controllers\Home))
 6 SYSTEMPATH\CodeIgniter.php(351): CodeIgniter\CodeIgniter->handleRequest(null, Object(Config\Cache), false)
 7 FCPATH\index.php(67): CodeIgniter\CodeIgniter->run()
CRITICAL - 2022-12-16 07:15:56 --> syntax error, unexpected 'echo' (T_ECHO), expecting ';' or ','
in APPPATH\Views\Pagination.php on line 106.
 1 SYSTEMPATH\View\View.php(216): CodeIgniter\View\View->CodeIgniter\View\{closure}()
 2 SYSTEMPATH\Common.php(1134): CodeIgniter\View\View->render('Pagination', [], true)
 3 APPPATH\Controllers\Home.php(315): view('Pagination')
 4 SYSTEMPATH\CodeIgniter.php(927): App\Controllers\Home->pagination()
 5 SYSTEMPATH\CodeIgniter.php(482): CodeIgniter\CodeIgniter->runController(Object(App\Controllers\Home))
 6 SYSTEMPATH\CodeIgniter.php(351): CodeIgniter\CodeIgniter->handleRequest(null, Object(Config\Cache), false)
 7 FCPATH\index.php(67): CodeIgniter\CodeIgniter->run()
