CRITICAL - 2023-03-01 00:11:56 --> syntax error, unexpected '=', expecting ']'
in APPPATH\Controllers\Home.php on line 375.
 1 SYSTEMPATH\Autoloader\Autoloader.php(259): CodeIgniter\Autoloader\Autoloader->includeFile('APPPATH\\Controllers\\Home.php')
 2 SYSTEMPATH\Autoloader\Autoloader.php(237): CodeIgniter\Autoloader\Autoloader->loadInNamespace('App\\Controllers\\Home')
 3 [internal function]: CodeIgniter\Autoloader\Autoloader->loadClass('App\\Controllers\\Home')
 4 [internal function]: spl_autoload_call('App\\Controllers\\Home')
 5 SYSTEMPATH\CodeIgniter.php(877): class_exists('\\App\\Controllers\\Home', true)
 6 SYSTEMPATH\CodeIgniter.php(469): CodeIgniter\CodeIgniter->startController()
 7 SYSTEMPATH\CodeIgniter.php(351): CodeIgniter\CodeIgniter->handleRequest(null, Object(Config\Cache), false)
 8 FCPATH\index.php(67): CodeIgniter\CodeIgniter->run()
CRITICAL - 2023-03-01 00:12:10 --> syntax error, unexpected '=', expecting ']'
in APPPATH\Controllers\Home.php on line 375.
 1 SYSTEMPATH\Autoloader\Autoloader.php(259): CodeIgniter\Autoloader\Autoloader->includeFile('APPPATH\\Controllers\\Home.php')
 2 SYSTEMPATH\Autoloader\Autoloader.php(237): CodeIgniter\Autoloader\Autoloader->loadInNamespace('App\\Controllers\\Home')
 3 [internal function]: CodeIgniter\Autoloader\Autoloader->loadClass('App\\Controllers\\Home')
 4 [internal function]: spl_autoload_call('App\\Controllers\\Home')
 5 SYSTEMPATH\CodeIgniter.php(877): class_exists('\\App\\Controllers\\Home', true)
 6 SYSTEMPATH\CodeIgniter.php(469): CodeIgniter\CodeIgniter->startController()
 7 SYSTEMPATH\CodeIgniter.php(351): CodeIgniter\CodeIgniter->handleRequest(null, Object(Config\Cache), false)
 8 FCPATH\index.php(67): CodeIgniter\CodeIgniter->run()
CRITICAL - 2023-03-01 00:14:24 --> syntax error, unexpected '=', expecting ']'
in APPPATH\Controllers\Home.php on line 375.
 1 SYSTEMPATH\Autoloader\Autoloader.php(259): CodeIgniter\Autoloader\Autoloader->includeFile('APPPATH\\Controllers\\Home.php')
 2 SYSTEMPATH\Autoloader\Autoloader.php(237): CodeIgniter\Autoloader\Autoloader->loadInNamespace('App\\Controllers\\Home')
 3 [internal function]: CodeIgniter\Autoloader\Autoloader->loadClass('App\\Controllers\\Home')
 4 [internal function]: spl_autoload_call('App\\Controllers\\Home')
 5 SYSTEMPATH\CodeIgniter.php(877): class_exists('\\App\\Controllers\\Home', true)
 6 SYSTEMPATH\CodeIgniter.php(469): CodeIgniter\CodeIgniter->startController()
 7 SYSTEMPATH\CodeIgniter.php(351): CodeIgniter\CodeIgniter->handleRequest(null, Object(Config\Cache), false)
 8 FCPATH\index.php(67): CodeIgniter\CodeIgniter->run()
CRITICAL - 2023-03-01 00:19:42 --> Illegal string offset 'nom'
in APPPATH\Views\Test.php on line 5.
 1 APPPATH\Views\Test.php(5): CodeIgniter\Debug\Exceptions->errorHandler(2, 'Illegal string offset \'nom\'', 'APPPATH\\Views\\Test.php', 5, [...])
 2 SYSTEMPATH\View\View.php(213): include('APPPATH\\Views\\Test.php')
 3 SYSTEMPATH\View\View.php(216): CodeIgniter\View\View->CodeIgniter\View\{closure}()
 4 SYSTEMPATH\Common.php(1134): CodeIgniter\View\View->render('Test', [], true)
 5 APPPATH\Controllers\Home.php(377): view('Test', [...])
 6 SYSTEMPATH\CodeIgniter.php(927): App\Controllers\Home->teste()
 7 SYSTEMPATH\CodeIgniter.php(482): CodeIgniter\CodeIgniter->runController(Object(App\Controllers\Home))
 8 SYSTEMPATH\CodeIgniter.php(351): CodeIgniter\CodeIgniter->handleRequest(null, Object(Config\Cache), false)
 9 FCPATH\index.php(67): CodeIgniter\CodeIgniter->run()
CRITICAL - 2023-03-01 00:24:04 --> Illegal string offset 'nom'
in APPPATH\Views\Test.php on line 14.
 1 APPPATH\Views\Test.php(14): CodeIgniter\Debug\Exceptions->errorHandler(2, 'Illegal string offset \'nom\'', 'APPPATH\\Views\\Test.php', 14, [...])
 2 SYSTEMPATH\View\View.php(213): include('APPPATH\\Views\\Test.php')
 3 SYSTEMPATH\View\View.php(216): CodeIgniter\View\View->CodeIgniter\View\{closure}()
 4 SYSTEMPATH\Common.php(1134): CodeIgniter\View\View->render('Test', [], true)
 5 APPPATH\Controllers\Home.php(377): view('Test', [...])
 6 SYSTEMPATH\CodeIgniter.php(927): App\Controllers\Home->teste()
 7 SYSTEMPATH\CodeIgniter.php(482): CodeIgniter\CodeIgniter->runController(Object(App\Controllers\Home))
 8 SYSTEMPATH\CodeIgniter.php(351): CodeIgniter\CodeIgniter->handleRequest(null, Object(Config\Cache), false)
 9 FCPATH\index.php(67): CodeIgniter\CodeIgniter->run()
CRITICAL - 2023-03-01 00:40:18 --> Call to undefined function string()
in APPPATH\Views\Test.php on line 7.
 1 SYSTEMPATH\View\View.php(213): include()
 2 SYSTEMPATH\View\View.php(216): CodeIgniter\View\View->CodeIgniter\View\{closure}()
 3 SYSTEMPATH\Common.php(1134): CodeIgniter\View\View->render('Test', [], true)
 4 APPPATH\Controllers\Home.php(377): view('Test', [...])
 5 SYSTEMPATH\CodeIgniter.php(927): App\Controllers\Home->teste()
 6 SYSTEMPATH\CodeIgniter.php(482): CodeIgniter\CodeIgniter->runController(Object(App\Controllers\Home))
 7 SYSTEMPATH\CodeIgniter.php(351): CodeIgniter\CodeIgniter->handleRequest(null, Object(Config\Cache), false)
 8 FCPATH\index.php(67): CodeIgniter\CodeIgniter->run()
CRITICAL - 2023-03-01 00:42:16 --> Illegal string offset 'nom'
in APPPATH\Views\Test.php on line 7.
 1 APPPATH\Views\Test.php(7): CodeIgniter\Debug\Exceptions->errorHandler(2, 'Illegal string offset \'nom\'', 'APPPATH\\Views\\Test.php', 7, [...])
 2 SYSTEMPATH\View\View.php(213): include('APPPATH\\Views\\Test.php')
 3 SYSTEMPATH\View\View.php(216): CodeIgniter\View\View->CodeIgniter\View\{closure}()
 4 SYSTEMPATH\Common.php(1134): CodeIgniter\View\View->render('Test', [], true)
 5 APPPATH\Controllers\Home.php(377): view('Test', [...])
 6 SYSTEMPATH\CodeIgniter.php(927): App\Controllers\Home->teste()
 7 SYSTEMPATH\CodeIgniter.php(482): CodeIgniter\CodeIgniter->runController(Object(App\Controllers\Home))
 8 SYSTEMPATH\CodeIgniter.php(351): CodeIgniter\CodeIgniter->handleRequest(null, Object(Config\Cache), false)
 9 FCPATH\index.php(67): CodeIgniter\CodeIgniter->run()
CRITICAL - 2023-03-01 00:42:38 --> Illegal string offset 'nom'
in APPPATH\Views\Test.php on line 7.
 1 APPPATH\Views\Test.php(7): CodeIgniter\Debug\Exceptions->errorHandler(2, 'Illegal string offset \'nom\'', 'APPPATH\\Views\\Test.php', 7, [...])
 2 SYSTEMPATH\View\View.php(213): include('APPPATH\\Views\\Test.php')
 3 SYSTEMPATH\View\View.php(216): CodeIgniter\View\View->CodeIgniter\View\{closure}()
 4 SYSTEMPATH\Common.php(1134): CodeIgniter\View\View->render('Test', [], true)
 5 APPPATH\Controllers\Home.php(377): view('Test', [...])
 6 SYSTEMPATH\CodeIgniter.php(927): App\Controllers\Home->teste()
 7 SYSTEMPATH\CodeIgniter.php(482): CodeIgniter\CodeIgniter->runController(Object(App\Controllers\Home))
 8 SYSTEMPATH\CodeIgniter.php(351): CodeIgniter\CodeIgniter->handleRequest(null, Object(Config\Cache), false)
 9 FCPATH\index.php(67): CodeIgniter\CodeIgniter->run()
CRITICAL - 2023-03-01 00:49:04 --> Illegal string offset 'nom'
in APPPATH\Views\Test.php on line 6.
 1 APPPATH\Views\Test.php(6): CodeIgniter\Debug\Exceptions->errorHandler(2, 'Illegal string offset \'nom\'', 'APPPATH\\Views\\Test.php', 6, [...])
 2 SYSTEMPATH\View\View.php(213): include('APPPATH\\Views\\Test.php')
 3 SYSTEMPATH\View\View.php(216): CodeIgniter\View\View->CodeIgniter\View\{closure}()
 4 SYSTEMPATH\Common.php(1134): CodeIgniter\View\View->render('Test', [], true)
 5 APPPATH\Controllers\Home.php(377): view('Test', [...])
 6 SYSTEMPATH\CodeIgniter.php(927): App\Controllers\Home->teste()
 7 SYSTEMPATH\CodeIgniter.php(482): CodeIgniter\CodeIgniter->runController(Object(App\Controllers\Home))
 8 SYSTEMPATH\CodeIgniter.php(351): CodeIgniter\CodeIgniter->handleRequest(null, Object(Config\Cache), false)
 9 FCPATH\index.php(67): CodeIgniter\CodeIgniter->run()
CRITICAL - 2023-03-01 01:41:58 --> Illegal string offset 'nom'
in APPPATH\Views\Test.php on line 7.
 1 APPPATH\Views\Test.php(7): CodeIgniter\Debug\Exceptions->errorHandler(2, 'Illegal string offset \'nom\'', 'APPPATH\\Views\\Test.php', 7, [...])
 2 SYSTEMPATH\View\View.php(213): include('APPPATH\\Views\\Test.php')
 3 SYSTEMPATH\View\View.php(216): CodeIgniter\View\View->CodeIgniter\View\{closure}()
 4 SYSTEMPATH\Common.php(1134): CodeIgniter\View\View->render('Test', [], true)
 5 APPPATH\Controllers\Home.php(379): view('Test', [...])
 6 SYSTEMPATH\CodeIgniter.php(927): App\Controllers\Home->teste()
 7 SYSTEMPATH\CodeIgniter.php(482): CodeIgniter\CodeIgniter->runController(Object(App\Controllers\Home))
 8 SYSTEMPATH\CodeIgniter.php(351): CodeIgniter\CodeIgniter->handleRequest(null, Object(Config\Cache), false)
 9 FCPATH\index.php(67): CodeIgniter\CodeIgniter->run()
CRITICAL - 2023-03-01 02:06:13 --> syntax error, unexpected 'else' (T_ELSE)
in APPPATH\Models\UtilisateurModel.php on line 82.
 1 SYSTEMPATH\Autoloader\Autoloader.php(259): CodeIgniter\Autoloader\Autoloader->includeFile('APPPATH\\Models\\UtilisateurModel.php')
 2 SYSTEMPATH\Autoloader\Autoloader.php(237): CodeIgniter\Autoloader\Autoloader->loadInNamespace('App\\Models\\UtilisateurModel')
 3 [internal function]: CodeIgniter\Autoloader\Autoloader->loadClass('App\\Models\\UtilisateurModel')
 4 APPPATH\Controllers\Home.php(21): spl_autoload_call('App\\Models\\UtilisateurModel')
 5 SYSTEMPATH\CodeIgniter.php(889): App\Controllers\Home->__construct()
 6 SYSTEMPATH\CodeIgniter.php(473): CodeIgniter\CodeIgniter->createController()
 7 SYSTEMPATH\CodeIgniter.php(351): CodeIgniter\CodeIgniter->handleRequest(null, Object(Config\Cache), false)
 8 FCPATH\index.php(67): CodeIgniter\CodeIgniter->run()
CRITICAL - 2023-03-01 02:06:34 --> syntax error, unexpected 'else' (T_ELSE)
in APPPATH\Models\UtilisateurModel.php on line 82.
 1 SYSTEMPATH\Autoloader\Autoloader.php(259): CodeIgniter\Autoloader\Autoloader->includeFile('APPPATH\\Models\\UtilisateurModel.php')
 2 SYSTEMPATH\Autoloader\Autoloader.php(237): CodeIgniter\Autoloader\Autoloader->loadInNamespace('App\\Models\\UtilisateurModel')
 3 [internal function]: CodeIgniter\Autoloader\Autoloader->loadClass('App\\Models\\UtilisateurModel')
 4 APPPATH\Controllers\Home.php(21): spl_autoload_call('App\\Models\\UtilisateurModel')
 5 SYSTEMPATH\CodeIgniter.php(889): App\Controllers\Home->__construct()
 6 SYSTEMPATH\CodeIgniter.php(473): CodeIgniter\CodeIgniter->createController()
 7 SYSTEMPATH\CodeIgniter.php(351): CodeIgniter\CodeIgniter->handleRequest(null, Object(Config\Cache), false)
 8 FCPATH\index.php(67): CodeIgniter\CodeIgniter->run()
CRITICAL - 2023-03-01 02:06:56 --> syntax error, unexpected 'else' (T_ELSE)
in APPPATH\Models\UtilisateurModel.php on line 82.
 1 SYSTEMPATH\Autoloader\Autoloader.php(259): CodeIgniter\Autoloader\Autoloader->includeFile('APPPATH\\Models\\UtilisateurModel.php')
 2 SYSTEMPATH\Autoloader\Autoloader.php(237): CodeIgniter\Autoloader\Autoloader->loadInNamespace('App\\Models\\UtilisateurModel')
 3 [internal function]: CodeIgniter\Autoloader\Autoloader->loadClass('App\\Models\\UtilisateurModel')
 4 APPPATH\Controllers\Home.php(21): spl_autoload_call('App\\Models\\UtilisateurModel')
 5 SYSTEMPATH\CodeIgniter.php(889): App\Controllers\Home->__construct()
 6 SYSTEMPATH\CodeIgniter.php(473): CodeIgniter\CodeIgniter->createController()
 7 SYSTEMPATH\CodeIgniter.php(351): CodeIgniter\CodeIgniter->handleRequest(null, Object(Config\Cache), false)
 8 FCPATH\index.php(67): CodeIgniter\CodeIgniter->run()
CRITICAL - 2023-03-01 02:07:34 --> syntax error, unexpected 'else' (T_ELSE)
in APPPATH\Models\UtilisateurModel.php on line 82.
 1 SYSTEMPATH\Autoloader\Autoloader.php(259): CodeIgniter\Autoloader\Autoloader->includeFile('APPPATH\\Models\\UtilisateurModel.php')
 2 SYSTEMPATH\Autoloader\Autoloader.php(237): CodeIgniter\Autoloader\Autoloader->loadInNamespace('App\\Models\\UtilisateurModel')
 3 [internal function]: CodeIgniter\Autoloader\Autoloader->loadClass('App\\Models\\UtilisateurModel')
 4 APPPATH\Controllers\Home.php(21): spl_autoload_call('App\\Models\\UtilisateurModel')
 5 SYSTEMPATH\CodeIgniter.php(889): App\Controllers\Home->__construct()
 6 SYSTEMPATH\CodeIgniter.php(473): CodeIgniter\CodeIgniter->createController()
 7 SYSTEMPATH\CodeIgniter.php(351): CodeIgniter\CodeIgniter->handleRequest(null, Object(Config\Cache), false)
 8 FCPATH\index.php(67): CodeIgniter\CodeIgniter->run()
CRITICAL - 2023-03-01 02:08:58 --> syntax error, unexpected '?>', expecting function (T_FUNCTION) or const (T_CONST)
in APPPATH\Models\UtilisateurModel.php on line 90.
 1 SYSTEMPATH\Autoloader\Autoloader.php(259): CodeIgniter\Autoloader\Autoloader->includeFile('APPPATH\\Models\\UtilisateurModel.php')
 2 SYSTEMPATH\Autoloader\Autoloader.php(237): CodeIgniter\Autoloader\Autoloader->loadInNamespace('App\\Models\\UtilisateurModel')
 3 [internal function]: CodeIgniter\Autoloader\Autoloader->loadClass('App\\Models\\UtilisateurModel')
 4 APPPATH\Controllers\Home.php(21): spl_autoload_call('App\\Models\\UtilisateurModel')
 5 SYSTEMPATH\CodeIgniter.php(889): App\Controllers\Home->__construct()
 6 SYSTEMPATH\CodeIgniter.php(473): CodeIgniter\CodeIgniter->createController()
 7 SYSTEMPATH\CodeIgniter.php(351): CodeIgniter\CodeIgniter->handleRequest(null, Object(Config\Cache), false)
 8 FCPATH\index.php(67): CodeIgniter\CodeIgniter->run()
CRITICAL - 2023-03-01 02:18:09 --> Illegal string offset 'nom'
in APPPATH\Views\Test.php on line 7.
 1 APPPATH\Views\Test.php(7): CodeIgniter\Debug\Exceptions->errorHandler(2, 'Illegal string offset \'nom\'', 'APPPATH\\Views\\Test.php', 7, [...])
 2 SYSTEMPATH\View\View.php(213): include('APPPATH\\Views\\Test.php')
 3 SYSTEMPATH\View\View.php(216): CodeIgniter\View\View->CodeIgniter\View\{closure}()
 4 SYSTEMPATH\Common.php(1134): CodeIgniter\View\View->render('Test', [], true)
 5 APPPATH\Controllers\Home.php(379): view('Test', [...])
 6 SYSTEMPATH\CodeIgniter.php(927): App\Controllers\Home->teste()
 7 SYSTEMPATH\CodeIgniter.php(482): CodeIgniter\CodeIgniter->runController(Object(App\Controllers\Home))
 8 SYSTEMPATH\CodeIgniter.php(351): CodeIgniter\CodeIgniter->handleRequest(null, Object(Config\Cache), false)
 9 FCPATH\index.php(67): CodeIgniter\CodeIgniter->run()
CRITICAL - 2023-03-01 02:24:07 --> Illegal string offset 'nom'
in APPPATH\Views\Test.php on line 6.
 1 APPPATH\Views\Test.php(6): CodeIgniter\Debug\Exceptions->errorHandler(2, 'Illegal string offset \'nom\'', 'APPPATH\\Views\\Test.php', 6, [...])
 2 SYSTEMPATH\View\View.php(213): include('APPPATH\\Views\\Test.php')
 3 SYSTEMPATH\View\View.php(216): CodeIgniter\View\View->CodeIgniter\View\{closure}()
 4 SYSTEMPATH\Common.php(1134): CodeIgniter\View\View->render('Test', [], true)
 5 APPPATH\Controllers\Home.php(379): view('Test', [...])
 6 SYSTEMPATH\CodeIgniter.php(927): App\Controllers\Home->teste()
 7 SYSTEMPATH\CodeIgniter.php(482): CodeIgniter\CodeIgniter->runController(Object(App\Controllers\Home))
 8 SYSTEMPATH\CodeIgniter.php(351): CodeIgniter\CodeIgniter->handleRequest(null, Object(Config\Cache), false)
 9 FCPATH\index.php(67): CodeIgniter\CodeIgniter->run()
CRITICAL - 2023-03-01 03:56:18 --> syntax error, unexpected end of file
in APPPATH\Views\Test.php on line 38.
 1 SYSTEMPATH\View\View.php(216): CodeIgniter\View\View->CodeIgniter\View\{closure}()
 2 SYSTEMPATH\Common.php(1134): CodeIgniter\View\View->render('Test', [], true)
 3 APPPATH\Controllers\Home.php(379): view('Test', [...])
 4 SYSTEMPATH\CodeIgniter.php(927): App\Controllers\Home->teste()
 5 SYSTEMPATH\CodeIgniter.php(482): CodeIgniter\CodeIgniter->runController(Object(App\Controllers\Home))
 6 SYSTEMPATH\CodeIgniter.php(351): CodeIgniter\CodeIgniter->handleRequest(null, Object(Config\Cache), false)
 7 FCPATH\index.php(67): CodeIgniter\CodeIgniter->run()
CRITICAL - 2023-03-01 03:56:39 --> syntax error, unexpected end of file
in APPPATH\Views\Test.php on line 37.
 1 SYSTEMPATH\View\View.php(216): CodeIgniter\View\View->CodeIgniter\View\{closure}()
 2 SYSTEMPATH\Common.php(1134): CodeIgniter\View\View->render('Test', [], true)
 3 APPPATH\Controllers\Home.php(379): view('Test', [...])
 4 SYSTEMPATH\CodeIgniter.php(927): App\Controllers\Home->teste()
 5 SYSTEMPATH\CodeIgniter.php(482): CodeIgniter\CodeIgniter->runController(Object(App\Controllers\Home))
 6 SYSTEMPATH\CodeIgniter.php(351): CodeIgniter\CodeIgniter->handleRequest(null, Object(Config\Cache), false)
 7 FCPATH\index.php(67): CodeIgniter\CodeIgniter->run()
