CRITICAL - 2023-07-21 01:32:38 --> Invalid file: App\Views\layout\pagination.php
in SYSTEMPATH\Exceptions\FrameworkException.php on line 33.
 1 SYSTEMPATH\View\View.php(201): CodeIgniter\Exceptions\FrameworkException::forInvalidFile('App\\Views\\layout\\pagination.php')
 2 SYSTEMPATH\Pager\Pager.php(126): CodeIgniter\View\View->render('App\\Views\\layout\\pagination', null, false)
 3 SYSTEMPATH\Pager\Pager.php(83): CodeIgniter\Pager\Pager->displayLinks('default', 'pagination')
 4 APPPATH\Views\Paginate.php(42): CodeIgniter\Pager\Pager->links('default', 'pagination')
 5 SYSTEMPATH\View\View.php(213): include('APPPATH\\Views\\Paginate.php')
 6 SYSTEMPATH\View\View.php(216): CodeIgniter\View\View->CodeIgniter\View\{closure}()
 7 SYSTEMPATH\Common.php(1134): CodeIgniter\View\View->render('Paginate.php', [], true)
 8 APPPATH\Controllers\paginationContr.php(16): view('Paginate.php', [...])
 9 SYSTEMPATH\CodeIgniter.php(927): App\Controllers\paginationContr->index()
10 SYSTEMPATH\CodeIgniter.php(482): CodeIgniter\CodeIgniter->runController(Object(App\Controllers\paginationContr))
11 SYSTEMPATH\CodeIgniter.php(351): CodeIgniter\CodeIgniter->handleRequest(null, Object(Config\Cache), false)
12 FCPATH\index.php(67): CodeIgniter\CodeIgniter->run()
ERROR - 2023-07-21 07:48:57 --> mysqli_sql_exception: Table 'sanit_enfance.client' doesn't exist in C:\xampp\htdocs\FormationCI\system\Database\MySQLi\Connection.php:292
Stack trace:
#0 C:\xampp\htdocs\FormationCI\system\Database\MySQLi\Connection.php(292): mysqli->query('SELECT COUNT(*)...', 0)
#1 C:\xampp\htdocs\FormationCI\system\Database\BaseConnection.php(666): CodeIgniter\Database\MySQLi\Connection->execute('SELECT COUNT(*)...')
#2 C:\xampp\htdocs\FormationCI\system\Database\BaseConnection.php(593): CodeIgniter\Database\BaseConnection->simpleQuery('SELECT COUNT(*)...')
#3 C:\xampp\htdocs\FormationCI\system\Database\BaseBuilder.php(1669): CodeIgniter\Database\BaseConnection->query('SELECT COUNT(*)...', Array, false)
#4 C:\xampp\htdocs\FormationCI\system\Model.php(551): CodeIgniter\Database\BaseBuilder->countAllResults(false)
#5 C:\xampp\htdocs\FormationCI\system\BaseModel.php(1106): CodeIgniter\Model->countAllResults(false)
#6 C:\xampp\htdocs\FormationCI\app\Controllers\paginationContr.php(14): CodeIgniter\BaseModel->paginate(5)
#7 C:\xampp\htdocs\FormationCI\system\CodeIgniter.php(927): App\Controllers\paginationContr->index()
#8 C:\xampp\htdocs\FormationCI\system\CodeIgniter.php(482): CodeIgniter\CodeIgniter->runController(Object(App\Controllers\paginationContr))
#9 C:\xampp\htdocs\FormationCI\system\CodeIgniter.php(351): CodeIgniter\CodeIgniter->handleRequest(NULL, Object(Config\Cache), false)
#10 C:\xampp\htdocs\FormationCI\index.php(67): CodeIgniter\CodeIgniter->run()
#11 {main}
CRITICAL - 2023-07-21 07:48:57 --> Table 'sanit_enfance.client' doesn't exist
in SYSTEMPATH\Database\MySQLi\Connection.php on line 292.
 1 SYSTEMPATH\Database\MySQLi\Connection.php(292): mysqli->query('SELECT COUNT(*) AS `numrows`
FROM `Client`
WHERE `Client`.`date_suppression` IS NULL', 0)
 2 SYSTEMPATH\Database\BaseConnection.php(666): CodeIgniter\Database\MySQLi\Connection->execute('SELECT COUNT(*) AS `numrows`
FROM `Client`
WHERE `Client`.`date_suppression` IS NULL')
 3 SYSTEMPATH\Database\BaseConnection.php(593): CodeIgniter\Database\BaseConnection->simpleQuery('SELECT COUNT(*) AS `numrows`
FROM `Client`
WHERE `Client`.`date_suppression` IS NULL')
 4 SYSTEMPATH\Database\BaseBuilder.php(1669): CodeIgniter\Database\BaseConnection->query('SELECT COUNT(*) AS `numrows`
FROM `Client`
WHERE `Client`.`date_suppression` IS NULL', [], false)
 5 SYSTEMPATH\Model.php(551): CodeIgniter\Database\BaseBuilder->countAllResults(false)
 6 SYSTEMPATH\BaseModel.php(1106): CodeIgniter\Model->countAllResults(false)
 7 APPPATH\Controllers\paginationContr.php(14): CodeIgniter\BaseModel->paginate(5)
 8 SYSTEMPATH\CodeIgniter.php(927): App\Controllers\paginationContr->index()
 9 SYSTEMPATH\CodeIgniter.php(482): CodeIgniter\CodeIgniter->runController(Object(App\Controllers\paginationContr))
10 SYSTEMPATH\CodeIgniter.php(351): CodeIgniter\CodeIgniter->handleRequest(null, Object(Config\Cache), false)
11 FCPATH\index.php(67): CodeIgniter\CodeIgniter->run()
ERROR - 2023-07-21 09:40:20 --> mysqli_sql_exception: Table 'sanit_enfance.client' doesn't exist in C:\xampp\htdocs\FormationCI\system\Database\MySQLi\Connection.php:292
Stack trace:
#0 C:\xampp\htdocs\FormationCI\system\Database\MySQLi\Connection.php(292): mysqli->query('SELECT COUNT(*)...', 0)
#1 C:\xampp\htdocs\FormationCI\system\Database\BaseConnection.php(666): CodeIgniter\Database\MySQLi\Connection->execute('SELECT COUNT(*)...')
#2 C:\xampp\htdocs\FormationCI\system\Database\BaseConnection.php(593): CodeIgniter\Database\BaseConnection->simpleQuery('SELECT COUNT(*)...')
#3 C:\xampp\htdocs\FormationCI\system\Database\BaseBuilder.php(1669): CodeIgniter\Database\BaseConnection->query('SELECT COUNT(*)...', Array, false)
#4 C:\xampp\htdocs\FormationCI\system\Model.php(551): CodeIgniter\Database\BaseBuilder->countAllResults(false)
#5 C:\xampp\htdocs\FormationCI\system\BaseModel.php(1106): CodeIgniter\Model->countAllResults(false)
#6 C:\xampp\htdocs\FormationCI\app\Controllers\paginationContr.php(14): CodeIgniter\BaseModel->paginate(5)
#7 C:\xampp\htdocs\FormationCI\system\CodeIgniter.php(927): App\Controllers\paginationContr->index()
#8 C:\xampp\htdocs\FormationCI\system\CodeIgniter.php(482): CodeIgniter\CodeIgniter->runController(Object(App\Controllers\paginationContr))
#9 C:\xampp\htdocs\FormationCI\system\CodeIgniter.php(351): CodeIgniter\CodeIgniter->handleRequest(NULL, Object(Config\Cache), false)
#10 C:\xampp\htdocs\FormationCI\index.php(67): CodeIgniter\CodeIgniter->run()
#11 {main}
ERROR - 2023-07-21 09:40:20 --> mysqli_sql_exception: Table 'sanit_enfance.client' doesn't exist in C:\xampp\htdocs\FormationCI\system\Database\MySQLi\Connection.php:292
Stack trace:
#0 C:\xampp\htdocs\FormationCI\system\Database\MySQLi\Connection.php(292): mysqli->query('SELECT *\nFROM `...', 0)
#1 C:\xampp\htdocs\FormationCI\system\Database\BaseConnection.php(666): CodeIgniter\Database\MySQLi\Connection->execute('SELECT *\nFROM `...')
#2 C:\xampp\htdocs\FormationCI\system\Database\BaseConnection.php(593): CodeIgniter\Database\BaseConnection->simpleQuery('SELECT *\nFROM `...')
#3 C:\xampp\htdocs\FormationCI\system\Database\BaseBuilder.php(1585): CodeIgniter\Database\BaseConnection->query('SELECT *\nFROM `...', Array, false)
#4 C:\xampp\htdocs\FormationCI\system\Model.php(223): CodeIgniter\Database\BaseBuilder->get()
#5 C:\xampp\htdocs\FormationCI\system\BaseModel.php(585): CodeIgniter\Model->doFindAll(5, 0)
#6 C:\xampp\htdocs\FormationCI\system\BaseModel.php(1110): CodeIgniter\BaseModel->findAll(5, 0)
#7 C:\xampp\htdocs\FormationCI\app\Controllers\paginationContr.php(14): CodeIgniter\BaseModel->paginate(5)
#8 C:\xampp\htdocs\FormationCI\system\CodeIgniter.php(927): App\Controllers\paginationContr->index()
#9 C:\xampp\htdocs\FormationCI\system\CodeIgniter.php(482): CodeIgniter\CodeIgniter->runController(Object(App\Controllers\paginationContr))
#10 C:\xampp\htdocs\FormationCI\system\CodeIgniter.php(351): CodeIgniter\CodeIgniter->handleRequest(NULL, Object(Config\Cache), false)
#11 C:\xampp\htdocs\FormationCI\index.php(67): CodeIgniter\CodeIgniter->run()
#12 {main}
CRITICAL - 2023-07-21 09:40:20 --> Call to a member function getResult() on bool
in SYSTEMPATH\Model.php on line 224.
 1 SYSTEMPATH\BaseModel.php(585): CodeIgniter\Model->doFindAll(5, 0)
 2 SYSTEMPATH\BaseModel.php(1110): CodeIgniter\BaseModel->findAll(5, 0)
 3 APPPATH\Controllers\paginationContr.php(14): CodeIgniter\BaseModel->paginate(5)
 4 SYSTEMPATH\CodeIgniter.php(927): App\Controllers\paginationContr->index()
 5 SYSTEMPATH\CodeIgniter.php(482): CodeIgniter\CodeIgniter->runController(Object(App\Controllers\paginationContr))
 6 SYSTEMPATH\CodeIgniter.php(351): CodeIgniter\CodeIgniter->handleRequest(null, Object(Config\Cache), false)
 7 FCPATH\index.php(67): CodeIgniter\CodeIgniter->run()
